<?xml version="1.0" encoding="UTF-8"?>
<!-- Generated by org.testng.reporters.JUnitXMLReporter -->
<testsuite hostname="admin-PC" name="Test Maven Testing" tests="6" failures="0" timestamp="25 May 2019 06:11:22 GMT" time="182.079" errors="0">
  <testcase name="loginPageTitleTest" time="0.018" classname="com.qa.tests.LoginTest"/>
  <testcase name="verifyloginTest" time="9.428" classname="com.qa.tests.LoginTest"/>
  <testcase name="loggedInUserTest" time="13.113" classname="com.qa.tests.HomePageTest"/>
  <testcase name="todaysDateTest" time="12.932" classname="com.qa.tests.HomePageTest"/>
  <testcase name="CRMImageTest" time="17.74" classname="com.qa.tests.HomePageTest"/>
  <testcase name="verifySearch" time="14.178" classname="com.qa.tests.HomePageTest"/>
</testsuite> <!-- Test Maven Testing -->
