<?xml version="1.0" encoding="UTF-8"?>
<!-- Generated by org.testng.reporters.JUnitXMLReporter -->
<testsuite hostname="admin-PC" name="Test Maven Testing" tests="5" failures="0" timestamp="4 Mar 2019 16:06:16 GMT" time="23.053" errors="0">
  <testcase name="sum" time="0.015" classname="com.qa.tests.DemoTest"/>
  <testcase name="sub" time="0.0" classname="com.qa.tests.DemoTest"/>
  <testcase name="sum" time="0.0" classname="com.qa.tests.DemoTest1"/>
  <testcase name="sub" time="0.0" classname="com.qa.tests.DemoTest1"/>
  <testcase name="verifyCRMLogin" time="8.379" classname="com.qa.tests.LoginTest"/>
</testsuite> <!-- Test Maven Testing -->
