<?xml version="1.0" encoding="UTF-8"?>
<!-- Generated by org.testng.reporters.JUnitXMLReporter -->
<testsuite hostname="admin-PC" name="Default test" tests="6" failures="0" timestamp="25 May 2019 05:55:44 GMT" time="183.926" errors="0">
  <testcase name="loginPageTitleTest" time="0.128" classname="com.qa.tests.LoginTest"/>
  <testcase name="verifyloginTest" time="14.548" classname="com.qa.tests.LoginTest"/>
  <testcase name="loggedInUserTest" time="15.26" classname="com.qa.tests.HomePageTest"/>
  <testcase name="todaysDateTest" time="15.59" classname="com.qa.tests.HomePageTest"/>
  <testcase name="CRMImageTest" time="14.501" classname="com.qa.tests.HomePageTest"/>
  <testcase name="verifySearch" time="15.702" classname="com.qa.tests.HomePageTest"/>
</testsuite> <!-- Default test -->
