<?xml version="1.0" encoding="UTF-8"?>
<testng-results skipped="0" failed="0" total="5" passed="5">
  <reporter-output>
  </reporter-output>
  <suite name="Test Maven Suite" duration-ms="23053" started-at="2019-03-04T16:05:53Z" finished-at="2019-03-04T16:06:16Z">
    <groups>
    </groups>
    <test name="Test Maven Testing" duration-ms="23053" started-at="2019-03-04T16:05:53Z" finished-at="2019-03-04T16:06:16Z">
      <class name="com.qa.tests.DemoTest">
        <test-method status="PASS" signature="sum()[pri:0, instance:com.qa.tests.DemoTest@13afe78]" name="sum" duration-ms="15" started-at="2019-03-04T21:35:53Z" finished-at="2019-03-04T21:35:53Z">
          <reporter-output>
          </reporter-output>
        </test-method> <!-- sum -->
        <test-method status="PASS" signature="sub()[pri:0, instance:com.qa.tests.DemoTest@13afe78]" name="sub" duration-ms="0" started-at="2019-03-04T21:35:53Z" finished-at="2019-03-04T21:35:53Z">
          <reporter-output>
          </reporter-output>
        </test-method> <!-- sub -->
      </class> <!-- com.qa.tests.DemoTest -->
      <class name="com.qa.tests.LoginTest">
        <test-method status="PASS" signature="setup()[pri:0, instance:com.qa.tests.LoginTest@6e6d5e]" name="setup" is-config="true" duration-ms="14643" started-at="2019-03-04T21:35:53Z" finished-at="2019-03-04T21:36:07Z">
          <reporter-output>
          </reporter-output>
        </test-method> <!-- setup -->
        <test-method status="PASS" signature="verifyCRMLogin()[pri:0, instance:com.qa.tests.LoginTest@6e6d5e]" name="verifyCRMLogin" duration-ms="8379" started-at="2019-03-04T21:36:07Z" finished-at="2019-03-04T21:36:16Z">
          <reporter-output>
          </reporter-output>
        </test-method> <!-- verifyCRMLogin -->
      </class> <!-- com.qa.tests.LoginTest -->
      <class name="com.qa.tests.DemoTest1">
        <test-method status="PASS" signature="sum()[pri:0, instance:com.qa.tests.DemoTest1@16e8792]" name="sum" duration-ms="0" started-at="2019-03-04T21:35:53Z" finished-at="2019-03-04T21:35:53Z">
          <reporter-output>
          </reporter-output>
        </test-method> <!-- sum -->
        <test-method status="PASS" signature="sub()[pri:0, instance:com.qa.tests.DemoTest1@16e8792]" name="sub" duration-ms="0" started-at="2019-03-04T21:35:53Z" finished-at="2019-03-04T21:35:53Z">
          <reporter-output>
          </reporter-output>
        </test-method> <!-- sub -->
      </class> <!-- com.qa.tests.DemoTest1 -->
    </test> <!-- Test Maven Testing -->
  </suite> <!-- Test Maven Suite -->
</testng-results>
