<?xml version="1.0" encoding="UTF-8"?>
<testng-results skipped="0" failed="0" total="6" passed="6">
  <reporter-output>
  </reporter-output>
  <suite name="Test Maven Suite" duration-ms="182079" started-at="2019-05-25T06:08:20Z" finished-at="2019-05-25T06:11:22Z">
    <groups>
    </groups>
    <test name="Test Maven Testing" duration-ms="182079" started-at="2019-05-25T06:08:20Z" finished-at="2019-05-25T06:11:22Z">
      <class name="com.qa.tests.HomePageTest">
        <test-method status="PASS" signature="setup()[pri:0, instance:com.qa.tests.HomePageTest@1f983a6]" name="setup" is-config="true" duration-ms="9597" started-at="2019-05-25T11:39:35Z" finished-at="2019-05-25T11:39:44Z">
          <reporter-output>
          </reporter-output>
        </test-method> <!-- setup -->
        <test-method status="PASS" signature="loggedInUserTest()[pri:0, instance:com.qa.tests.HomePageTest@1f983a6]" name="loggedInUserTest" duration-ms="13113" started-at="2019-05-25T11:39:44Z" finished-at="2019-05-25T11:39:57Z">
          <reporter-output>
          </reporter-output>
        </test-method> <!-- loggedInUserTest -->
        <test-method status="PASS" signature="tearDown()[pri:0, instance:com.qa.tests.HomePageTest@1f983a6]" name="tearDown" is-config="true" duration-ms="1182" started-at="2019-05-25T11:39:57Z" finished-at="2019-05-25T11:39:58Z">
          <reporter-output>
          </reporter-output>
        </test-method> <!-- tearDown -->
        <test-method status="PASS" signature="setup()[pri:0, instance:com.qa.tests.HomePageTest@1f983a6]" name="setup" is-config="true" duration-ms="10484" started-at="2019-05-25T11:39:58Z" finished-at="2019-05-25T11:40:09Z">
          <reporter-output>
          </reporter-output>
        </test-method> <!-- setup -->
        <test-method status="PASS" signature="todaysDateTest()[pri:0, instance:com.qa.tests.HomePageTest@1f983a6]" name="todaysDateTest" duration-ms="12932" started-at="2019-05-25T11:40:09Z" finished-at="2019-05-25T11:40:22Z">
          <reporter-output>
          </reporter-output>
        </test-method> <!-- todaysDateTest -->
        <test-method status="PASS" signature="tearDown()[pri:0, instance:com.qa.tests.HomePageTest@1f983a6]" name="tearDown" is-config="true" duration-ms="1180" started-at="2019-05-25T11:40:22Z" finished-at="2019-05-25T11:40:23Z">
          <reporter-output>
          </reporter-output>
        </test-method> <!-- tearDown -->
        <test-method status="PASS" signature="setup()[pri:0, instance:com.qa.tests.HomePageTest@1f983a6]" name="setup" is-config="true" duration-ms="13902" started-at="2019-05-25T11:40:23Z" finished-at="2019-05-25T11:40:37Z">
          <reporter-output>
          </reporter-output>
        </test-method> <!-- setup -->
        <test-method status="PASS" signature="CRMImageTest()[pri:0, instance:com.qa.tests.HomePageTest@1f983a6]" name="CRMImageTest" duration-ms="17740" started-at="2019-05-25T11:40:37Z" finished-at="2019-05-25T11:40:55Z">
          <reporter-output>
          </reporter-output>
        </test-method> <!-- CRMImageTest -->
        <test-method status="PASS" signature="tearDown()[pri:0, instance:com.qa.tests.HomePageTest@1f983a6]" name="tearDown" is-config="true" duration-ms="1171" started-at="2019-05-25T11:40:55Z" finished-at="2019-05-25T11:40:56Z">
          <reporter-output>
          </reporter-output>
        </test-method> <!-- tearDown -->
        <test-method status="PASS" signature="setup()[pri:0, instance:com.qa.tests.HomePageTest@1f983a6]" name="setup" is-config="true" duration-ms="10971" started-at="2019-05-25T11:40:56Z" finished-at="2019-05-25T11:41:07Z">
          <reporter-output>
          </reporter-output>
        </test-method> <!-- setup -->
        <test-method status="PASS" signature="verifySearch()[pri:0, instance:com.qa.tests.HomePageTest@1f983a6]" name="verifySearch" duration-ms="14178" started-at="2019-05-25T11:41:07Z" finished-at="2019-05-25T11:41:21Z">
          <reporter-output>
          </reporter-output>
        </test-method> <!-- verifySearch -->
        <test-method status="PASS" signature="tearDown()[pri:0, instance:com.qa.tests.HomePageTest@1f983a6]" name="tearDown" is-config="true" duration-ms="1225" started-at="2019-05-25T11:41:21Z" finished-at="2019-05-25T11:41:22Z">
          <reporter-output>
          </reporter-output>
        </test-method> <!-- tearDown -->
      </class> <!-- com.qa.tests.HomePageTest -->
      <class name="com.qa.tests.LoginTest">
        <test-method status="PASS" signature="setup()[pri:0, instance:com.qa.tests.LoginTest@1a6e353]" name="setup" is-config="true" duration-ms="49559" started-at="2019-05-25T11:38:20Z" finished-at="2019-05-25T11:39:10Z">
          <reporter-output>
          </reporter-output>
        </test-method> <!-- setup -->
        <test-method status="PASS" signature="loginPageTitleTest()[pri:0, instance:com.qa.tests.LoginTest@1a6e353]" name="loginPageTitleTest" duration-ms="18" started-at="2019-05-25T11:39:10Z" finished-at="2019-05-25T11:39:10Z">
          <reporter-output>
          </reporter-output>
        </test-method> <!-- loginPageTitleTest -->
        <test-method status="PASS" signature="tearDown()[pri:0, instance:com.qa.tests.LoginTest@1a6e353]" name="tearDown" is-config="true" duration-ms="1399" started-at="2019-05-25T11:39:10Z" finished-at="2019-05-25T11:39:11Z">
          <reporter-output>
          </reporter-output>
        </test-method> <!-- tearDown -->
        <test-method status="PASS" signature="setup()[pri:0, instance:com.qa.tests.LoginTest@1a6e353]" name="setup" is-config="true" duration-ms="12413" started-at="2019-05-25T11:39:11Z" finished-at="2019-05-25T11:39:24Z">
          <reporter-output>
          </reporter-output>
        </test-method> <!-- setup -->
        <test-method status="PASS" signature="verifyloginTest()[pri:0, instance:com.qa.tests.LoginTest@1a6e353]" name="verifyloginTest" duration-ms="9428" started-at="2019-05-25T11:39:24Z" finished-at="2019-05-25T11:39:33Z">
          <reporter-output>
          </reporter-output>
        </test-method> <!-- verifyloginTest -->
        <test-method status="PASS" signature="tearDown()[pri:0, instance:com.qa.tests.LoginTest@1a6e353]" name="tearDown" is-config="true" duration-ms="1570" started-at="2019-05-25T11:39:33Z" finished-at="2019-05-25T11:39:35Z">
          <reporter-output>
          </reporter-output>
        </test-method> <!-- tearDown -->
      </class> <!-- com.qa.tests.LoginTest -->
    </test> <!-- Test Maven Testing -->
  </suite> <!-- Test Maven Suite -->
</testng-results>
