<?xml version="1.0" encoding="UTF-8"?>
<testng-results skipped="0" failed="0" total="6" passed="6">
  <reporter-output>
  </reporter-output>
  <suite name="Default suite" duration-ms="183926" started-at="2019-05-25T05:52:40Z" finished-at="2019-05-25T05:55:43Z">
    <groups>
    </groups>
    <test name="Default test" duration-ms="183926" started-at="2019-05-25T05:52:40Z" finished-at="2019-05-25T05:55:43Z">
      <class name="com.qa.tests.HomePageTest">
        <test-method status="PASS" signature="setup()[pri:0, instance:com.qa.tests.HomePageTest@c0edeb]" name="setup" is-config="true" duration-ms="11671" started-at="2019-05-25T11:23:48Z" finished-at="2019-05-25T11:24:00Z">
          <reporter-output>
          </reporter-output>
        </test-method> <!-- setup -->
        <test-method status="PASS" signature="loggedInUserTest()[pri:0, instance:com.qa.tests.HomePageTest@c0edeb]" name="loggedInUserTest" duration-ms="15260" started-at="2019-05-25T11:24:00Z" finished-at="2019-05-25T11:24:15Z">
          <reporter-output>
          </reporter-output>
        </test-method> <!-- loggedInUserTest -->
        <test-method status="PASS" signature="tearDown()[pri:0, instance:com.qa.tests.HomePageTest@c0edeb]" name="tearDown" is-config="true" duration-ms="1124" started-at="2019-05-25T11:24:15Z" finished-at="2019-05-25T11:24:16Z">
          <reporter-output>
          </reporter-output>
        </test-method> <!-- tearDown -->
        <test-method status="PASS" signature="setup()[pri:0, instance:com.qa.tests.HomePageTest@c0edeb]" name="setup" is-config="true" duration-ms="13029" started-at="2019-05-25T11:24:16Z" finished-at="2019-05-25T11:24:29Z">
          <reporter-output>
          </reporter-output>
        </test-method> <!-- setup -->
        <test-method status="PASS" signature="todaysDateTest()[pri:0, instance:com.qa.tests.HomePageTest@c0edeb]" name="todaysDateTest" duration-ms="15590" started-at="2019-05-25T11:24:29Z" finished-at="2019-05-25T11:24:45Z">
          <reporter-output>
          </reporter-output>
        </test-method> <!-- todaysDateTest -->
        <test-method status="PASS" signature="tearDown()[pri:0, instance:com.qa.tests.HomePageTest@c0edeb]" name="tearDown" is-config="true" duration-ms="1260" started-at="2019-05-25T11:24:45Z" finished-at="2019-05-25T11:24:46Z">
          <reporter-output>
          </reporter-output>
        </test-method> <!-- tearDown -->
        <test-method status="PASS" signature="setup()[pri:0, instance:com.qa.tests.HomePageTest@c0edeb]" name="setup" is-config="true" duration-ms="12292" started-at="2019-05-25T11:24:46Z" finished-at="2019-05-25T11:24:58Z">
          <reporter-output>
          </reporter-output>
        </test-method> <!-- setup -->
        <test-method status="PASS" signature="CRMImageTest()[pri:0, instance:com.qa.tests.HomePageTest@c0edeb]" name="CRMImageTest" duration-ms="14501" started-at="2019-05-25T11:24:58Z" finished-at="2019-05-25T11:25:13Z">
          <reporter-output>
          </reporter-output>
        </test-method> <!-- CRMImageTest -->
        <test-method status="PASS" signature="tearDown()[pri:0, instance:com.qa.tests.HomePageTest@c0edeb]" name="tearDown" is-config="true" duration-ms="1685" started-at="2019-05-25T11:25:13Z" finished-at="2019-05-25T11:25:14Z">
          <reporter-output>
          </reporter-output>
        </test-method> <!-- tearDown -->
        <test-method status="PASS" signature="setup()[pri:0, instance:com.qa.tests.HomePageTest@c0edeb]" name="setup" is-config="true" duration-ms="12097" started-at="2019-05-25T11:25:14Z" finished-at="2019-05-25T11:25:27Z">
          <reporter-output>
          </reporter-output>
        </test-method> <!-- setup -->
        <test-method status="PASS" signature="verifySearch()[pri:0, instance:com.qa.tests.HomePageTest@c0edeb]" name="verifySearch" duration-ms="15702" started-at="2019-05-25T11:25:27Z" finished-at="2019-05-25T11:25:42Z">
          <reporter-output>
          </reporter-output>
        </test-method> <!-- verifySearch -->
        <test-method status="PASS" signature="tearDown()[pri:0, instance:com.qa.tests.HomePageTest@c0edeb]" name="tearDown" is-config="true" duration-ms="1183" started-at="2019-05-25T11:25:42Z" finished-at="2019-05-25T11:25:43Z">
          <reporter-output>
          </reporter-output>
        </test-method> <!-- tearDown -->
      </class> <!-- com.qa.tests.HomePageTest -->
      <class name="com.qa.tests.LoginTest">
        <test-method status="PASS" signature="setup()[pri:0, instance:com.qa.tests.LoginTest@38203]" name="setup" is-config="true" duration-ms="32554" started-at="2019-05-25T11:22:40Z" finished-at="2019-05-25T11:23:12Z">
          <reporter-output>
          </reporter-output>
        </test-method> <!-- setup -->
        <test-method status="PASS" signature="loginPageTitleTest()[pri:0, instance:com.qa.tests.LoginTest@38203]" name="loginPageTitleTest" duration-ms="128" started-at="2019-05-25T11:23:12Z" finished-at="2019-05-25T11:23:12Z">
          <reporter-output>
          </reporter-output>
        </test-method> <!-- loginPageTitleTest -->
        <test-method status="PASS" signature="tearDown()[pri:0, instance:com.qa.tests.LoginTest@38203]" name="tearDown" is-config="true" duration-ms="1369" started-at="2019-05-25T11:23:12Z" finished-at="2019-05-25T11:23:14Z">
          <reporter-output>
          </reporter-output>
        </test-method> <!-- tearDown -->
        <test-method status="PASS" signature="setup()[pri:0, instance:com.qa.tests.LoginTest@38203]" name="setup" is-config="true" duration-ms="18696" started-at="2019-05-25T11:23:14Z" finished-at="2019-05-25T11:23:32Z">
          <reporter-output>
          </reporter-output>
        </test-method> <!-- setup -->
        <test-method status="PASS" signature="verifyloginTest()[pri:0, instance:com.qa.tests.LoginTest@38203]" name="verifyloginTest" duration-ms="14548" started-at="2019-05-25T11:23:32Z" finished-at="2019-05-25T11:23:47Z">
          <reporter-output>
          </reporter-output>
        </test-method> <!-- verifyloginTest -->
        <test-method status="PASS" signature="tearDown()[pri:0, instance:com.qa.tests.LoginTest@38203]" name="tearDown" is-config="true" duration-ms="1175" started-at="2019-05-25T11:23:47Z" finished-at="2019-05-25T11:23:48Z">
          <reporter-output>
          </reporter-output>
        </test-method> <!-- tearDown -->
      </class> <!-- com.qa.tests.LoginTest -->
    </test> <!-- Default test -->
  </suite> <!-- Default suite -->
</testng-results>
