<?xml version="1.0" encoding="UTF-8"?>
<!-- Generated by org.testng.reporters.JUnitXMLReporter -->
<testsuite hostname="admin-PC" name="Test Maven Testing" tests="5" failures="0" timestamp="4 Mar 2019 12:25:51 GMT" time="0.106" errors="0">
  <testcase name="sub" time="0.029" classname="com.qa.tests.DemoTest"/>
  <testcase name="sum" time="0.001" classname="com.qa.tests.DemoTest"/>
  <testcase name="sub" time="0.002" classname="com.qa.tests.DemoTest1"/>
  <testcase name="sum" time="0.002" classname="com.qa.tests.DemoTest1"/>
  <testcase name="verifyCRMLogin" time="0.001" classname="com.qa.tests.LoginTest">
    <skipped/>
  </testcase> <!-- verifyCRMLogin -->
</testsuite> <!-- Test Maven Testing -->
